[info] Log at : 2026/2/26|12:34:07|GMT+0800

[info] Log at : 2026/2/26|13:26:06|GMT+0800

SyntaxError: Unexpected token '/', ..."          // ======="... is not valid JSON
    at JSON.parse (<anonymous>)
    at F.updateCppProperties (c:\Users\Sasha.LAPTOP-AI04QQ0A.000\.vscode\extensions\cl.keil-assistant-1.7.0\dist\extension.js:1:10849)
    at F.<anonymous> (c:\Users\Sasha.LAPTOP-AI04QQ0A.000\.vscode\extensions\cl.keil-assistant-1.7.0\dist\extension.js:1:12579)
    at Generator.next (<anonymous>)
    at c:\Users\Sasha.LAPTOP-AI04QQ0A.000\.vscode\extensions\cl.keil-assistant-1.7.0\dist\extension.js:1:4480
    at new Promise (<anonymous>)
    at r (c:\Users\Sasha.LAPTOP-AI04QQ0A.000\.vscode\extensions\cl.keil-assistant-1.7.0\dist\extension.js:1:4225)
    at F.load (c:\Users\Sasha.LAPTOP-AI04QQ0A.000\.vscode\extensions\cl.keil-assistant-1.7.0\dist\extension.js:1:11310)
    at w.<anonymous> (c:\Users\Sasha.LAPTOP-AI04QQ0A.000\.vscode\extensions\cl.keil-assistant-1.7.0\dist\extension.js:1:8737)
    at Generator.next (<anonymous>)
    at a (c:\Users\Sasha.LAPTOP-AI04QQ0A.000\.vscode\extensions\cl.keil-assistant-1.7.0\dist\extension.js:1:4282)
[info] Log at : 2026/2/26|13:30:50|GMT+0800

[info] Log at : 2026/2/26|15:38:28|GMT+0800

[info] Log at : 2026/2/26|15:38:37|GMT+0800

[info] Log at : 2026/2/26|15:47:05|GMT+0800

[info] Log at : 2026/2/27|20:44:38|GMT+0800

[info] Log at : 2026/3/2|00:21:32|GMT+0800

[info] Log at : 2026/3/3|11:22:55|GMT+0800

[info] Log at : 2026/3/23|11:28:48|GMT+0800

[info] Log at : 2026/4/1|14:56:16|GMT+0800

[info] Log at : 2026/4/1|20:11:34|GMT+0800

[info] Log at : 2026/4/2|10:25:49|GMT+0800

